[debug] [2020-11-01T20:39:09.860Z] ----------------------------------------------------------------------
[debug] [2020-11-01T20:39:09.862Z] Command:       C:\Program Files\nodejs\node.exe C:\Users\Sadat\AppData\Roaming\npm\node_modules\firebase-tools\lib\bin\firebase.js init
[debug] [2020-11-01T20:39:09.862Z] CLI Version:   8.13.1
[debug] [2020-11-01T20:39:09.862Z] Platform:      win32
[debug] [2020-11-01T20:39:09.862Z] Node Version:  v12.19.0
[debug] [2020-11-01T20:39:09.863Z] Time:          Sun Nov 01 2020 12:39:09 GMT-0800 (Pacific Standard Time)
[debug] [2020-11-01T20:39:09.863Z] ----------------------------------------------------------------------
[debug] [2020-11-01T20:39:09.863Z] 
[debug] [2020-11-01T20:39:09.868Z] > command requires scopes: ["email","openid","https://www.googleapis.com/auth/cloudplatformprojects.readonly","https://www.googleapis.com/auth/firebase","https://www.googleapis.com/auth/cloud-platform"]
[debug] [2020-11-01T20:39:09.869Z] > authorizing via signed-in user
[info] 
     ######## #### ########  ######## ########     ###     ######  ########
     ##        ##  ##     ## ##       ##     ##  ##   ##  ##       ##
     ######    ##  ########  ######   ########  #########  ######  ######
     ##        ##  ##    ##  ##       ##     ## ##     ##       ## ##
     ##       #### ##     ## ######## ########  ##     ##  ######  ########

You're about to initialize a Firebase project in this directory:

  C:\Users\Sadat\Desktop\My Projects\Netflix\netflix-clone

Before we get started, keep in mind:

  * You are initializing in an existing Firebase project directory

[info] 
=== Project Setup
[info] 
[info] First, let's associate this project directory with a Firebase project.
[info] You can create multiple project aliases by running firebase use --add, 
[info] but for now we'll just set up a default project.
[info] 
[info] i  .firebaserc already has a default project, using netflixclone-222e0. 
[debug] [2020-11-01T20:39:25.988Z] >>> HTTP REQUEST GET https://firebase.googleapis.com/v1beta1/projects/netflixclone-222e0  
 
[debug] [2020-11-01T20:39:27.528Z] <<< HTTP RESPONSE 200 {"content-type":"application/json; charset=UTF-8","vary":"X-Origin, Referer, Origin,Accept-Encoding","date":"Sun, 01 Nov 2020 20:39:21 GMT","server":"ESF","cache-control":"private","x-xss-protection":"0","x-frame-options":"SAMEORIGIN","x-content-type-options":"nosniff","alt-svc":"h3-Q050=\":443\"; ma=2592000,h3-29=\":443\"; ma=2592000,h3-T051=\":443\"; ma=2592000,h3-T050=\":443\"; ma=2592000,h3-Q046=\":443\"; ma=2592000,h3-Q043=\":443\"; ma=2592000,quic=\":443\"; ma=2592000; v=\"46,43\"","accept-ranges":"none","transfer-encoding":"chunked"}
[info] 
=== Hosting Setup
[info] 
[info] Your public directory is the folder (relative to your project directory) that
[info] will contain Hosting assets to be uploaded with firebase deploy. If you
[info] have a build process for your assets, use your build's output directory.
[info] 
[debug] [2020-11-01T20:40:08.586Z] ----------------------------------------------------------------------
[debug] [2020-11-01T20:40:08.588Z] Command:       C:\Program Files\nodejs\node.exe C:\Users\Sadat\AppData\Roaming\npm\node_modules\firebase-tools\lib\bin\firebase.js init
[debug] [2020-11-01T20:40:08.588Z] CLI Version:   8.13.1
[debug] [2020-11-01T20:40:08.588Z] Platform:      win32
[debug] [2020-11-01T20:40:08.588Z] Node Version:  v12.19.0
[debug] [2020-11-01T20:40:08.589Z] Time:          Sun Nov 01 2020 12:40:08 GMT-0800 (Pacific Standard Time)
[debug] [2020-11-01T20:40:08.589Z] ----------------------------------------------------------------------
[debug] [2020-11-01T20:40:08.589Z] 
[debug] [2020-11-01T20:40:08.594Z] > command requires scopes: ["email","openid","https://www.googleapis.com/auth/cloudplatformprojects.readonly","https://www.googleapis.com/auth/firebase","https://www.googleapis.com/auth/cloud-platform"]
[debug] [2020-11-01T20:40:08.594Z] > authorizing via signed-in user
[info] 
     ######## #### ########  ######## ########     ###     ######  ########
     ##        ##  ##     ## ##       ##     ##  ##   ##  ##       ##
     ######    ##  ########  ######   ########  #########  ######  ######
     ##        ##  ##    ##  ##       ##     ## ##     ##       ## ##
     ##       #### ##     ## ######## ########  ##     ##  ######  ########

You're about to initialize a Firebase project in this directory:

  C:\Users\Sadat\Desktop\My Projects\Netflix\netflix-clone

Before we get started, keep in mind:

  * You are initializing in an existing Firebase project directory

[info] 
=== Project Setup
[info] 
[info] First, let's associate this project directory with a Firebase project.
[info] You can create multiple project aliases by running firebase use --add, 
[info] but for now we'll just set up a default project.
[info] 
[info] i  .firebaserc already has a default project, using netflixclone-222e0. 
[debug] [2020-11-01T20:41:07.623Z] >>> HTTP REQUEST GET https://firebase.googleapis.com/v1beta1/projects/netflixclone-222e0  
 
[debug] [2020-11-01T20:41:09.576Z] <<< HTTP RESPONSE 200 {"content-type":"application/json; charset=UTF-8","vary":"X-Origin, Referer, Origin,Accept-Encoding","date":"Sun, 01 Nov 2020 20:41:03 GMT","server":"ESF","cache-control":"private","x-xss-protection":"0","x-frame-options":"SAMEORIGIN","x-content-type-options":"nosniff","alt-svc":"h3-Q050=\":443\"; ma=2592000,h3-29=\":443\"; ma=2592000,h3-T051=\":443\"; ma=2592000,h3-T050=\":443\"; ma=2592000,h3-Q046=\":443\"; ma=2592000,h3-Q043=\":443\"; ma=2592000,quic=\":443\"; ma=2592000; v=\"46,43\"","accept-ranges":"none","transfer-encoding":"chunked"}
[info] 
=== Hosting Setup
[info] 
[info] Your public directory is the folder (relative to your project directory) that
[info] will contain Hosting assets to be uploaded with firebase deploy. If you
[info] have a build process for your assets, use your build's output directory.
[info] 
